0 info it worked if it ends with ok
1 verbose cli [ 'node', '/usr/local/bin/npm', 'install', 'gulp-minifycss' ]
2 info using npm@1.4.28
3 info using node@v0.10.36
4 verbose readDependencies using package.json deps
5 verbose cache add [ 'gulp-minifycss', null ]
6 verbose cache add name=undefined spec="gulp-minifycss" args=["gulp-minifycss",null]
7 verbose parsed url { protocol: null,
7 verbose parsed url   slashes: null,
7 verbose parsed url   auth: null,
7 verbose parsed url   host: null,
7 verbose parsed url   port: null,
7 verbose parsed url   hostname: null,
7 verbose parsed url   hash: null,
7 verbose parsed url   search: null,
7 verbose parsed url   query: null,
7 verbose parsed url   pathname: 'gulp-minifycss',
7 verbose parsed url   path: 'gulp-minifycss',
7 verbose parsed url   href: 'gulp-minifycss' }
8 silly lockFile a99c20b6-gulp-minifycss gulp-minifycss
9 verbose lock gulp-minifycss /Users/gpfaff/.npm/a99c20b6-gulp-minifycss.lock
10 silly lockFile a99c20b6-gulp-minifycss gulp-minifycss
11 silly lockFile a99c20b6-gulp-minifycss gulp-minifycss
12 verbose addNamed [ 'gulp-minifycss', '' ]
13 verbose addNamed [ null, '*' ]
14 silly lockFile 493b72e5-gulp-minifycss gulp-minifycss@
15 verbose lock gulp-minifycss@ /Users/gpfaff/.npm/493b72e5-gulp-minifycss.lock
16 silly addNameRange { name: 'gulp-minifycss', range: '*', hasData: false }
17 verbose request where is /gulp-minifycss
18 verbose request registry http://registry.npmjs.org/
19 verbose request id 460901f6ed847346
20 verbose url raw /gulp-minifycss
21 verbose url resolving [ 'http://registry.npmjs.org/', './gulp-minifycss' ]
22 verbose url resolved http://registry.npmjs.org/gulp-minifycss
23 verbose request where is http://registry.npmjs.org/gulp-minifycss
24 info trying registry request attempt 1 at 17:56:47
25 http GET http://registry.npmjs.org/gulp-minifycss
26 http 404 http://registry.npmjs.org/gulp-minifycss
27 verbose headers { server: 'CouchDB/1.5.0 (Erlang OTP/R16B03)',
27 verbose headers   'content-type': 'application/json',
27 verbose headers   'cache-control': 'max-age=0',
27 verbose headers   'content-length': '52',
27 verbose headers   'accept-ranges': 'bytes',
27 verbose headers   date: 'Tue, 03 Feb 2015 23:56:52 GMT',
27 verbose headers   via: '1.1 varnish',
27 verbose headers   age: '0',
27 verbose headers   connection: 'keep-alive',
27 verbose headers   'x-served-by': 'cache-atl6221-ATL',
27 verbose headers   'x-cache': 'MISS',
27 verbose headers   'x-cache-hits': '0',
27 verbose headers   'x-timer': 'S1423007812.529816,VS0,VE24' }
28 silly registry.get cb [ 404,
28 silly registry.get   { server: 'CouchDB/1.5.0 (Erlang OTP/R16B03)',
28 silly registry.get     'content-type': 'application/json',
28 silly registry.get     'cache-control': 'max-age=0',
28 silly registry.get     'content-length': '52',
28 silly registry.get     'accept-ranges': 'bytes',
28 silly registry.get     date: 'Tue, 03 Feb 2015 23:56:52 GMT',
28 silly registry.get     via: '1.1 varnish',
28 silly registry.get     age: '0',
28 silly registry.get     connection: 'keep-alive',
28 silly registry.get     'x-served-by': 'cache-atl6221-ATL',
28 silly registry.get     'x-cache': 'MISS',
28 silly registry.get     'x-cache-hits': '0',
28 silly registry.get     'x-timer': 'S1423007812.529816,VS0,VE24' } ]
29 silly lockFile 493b72e5-gulp-minifycss gulp-minifycss@
30 silly lockFile 493b72e5-gulp-minifycss gulp-minifycss@
31 error 404 404 Not Found: gulp-minifycss
31 error 404
31 error 404 'gulp-minifycss' is not in the npm registry.
31 error 404 You should bug the author to publish it
31 error 404 It was specified as a dependency of 'js'
31 error 404
31 error 404 Note that you can also install from a
31 error 404 tarball, folder, or http url, or git url.
32 error System Darwin 13.4.0
33 error command "node" "/usr/local/bin/npm" "install" "gulp-minifycss"
34 error cwd /Users/gpfaff/Iceholehockey
35 error node -v v0.10.36
36 error npm -v 1.4.28
37 error code E404
38 verbose exit [ 1, true ]
